============================= test session starts =============================
platform win32 -- Python 3.14.3, pytest-9.0.3, pluggy-1.6.0 -- C:\Users\Lucas\Desktop\Odessa\.venv\Scripts\python.exe
cachedir: .pytest_cache
rootdir: C:\Users\Lucas\Desktop\Odessa
configfile: pytest.ini
plugins: anyio-4.13.0, asyncio-1.3.0
asyncio: mode=Mode.AUTO, debug=False, asyncio_default_fixture_loop_scope=None, asyncio_default_test_loop_scope=function
collecting ... collected 1 item

tests/test_health.py::test_health_endpoint FAILED                        [100%]

================================== FAILURES ===================================
____________________________ test_health_endpoint _____________________________

    @pytest.mark.asyncio
    async def test_health_endpoint():
        transport = ASGITransport(app=app)
        async with AsyncClient(transport=transport, base_url="http://test") as ac:
            response = await ac.get("/health")
        assert response.status_code == 200
        data = response.json()
        # Validate required fields
        assert "status" in data
>       assert "ocr" in data
E       AssertionError: assert 'ocr' in {'service': 'odessa-api', 'status': 'ok', 'version': '1.1.0'}

tests\test_health.py:16: AssertionError
---------------------------- Captured stderr call -----------------------------
2026-05-05 10:43:03,849 [INFO] httpx: HTTP Request: GET http://test/health "HTTP/1.1 200 OK"
------------------------------ Captured log call ------------------------------
INFO     httpx:_client.py:1740 HTTP Request: GET http://test/health "HTTP/1.1 200 OK"
============================== warnings summary ===============================
.venv\Lib\site-packages\easyocr\detection.py:81
  C:\Users\Lucas\Desktop\Odessa\.venv\Lib\site-packages\easyocr\detection.py:81: DeprecationWarning: torch.ao.quantization is deprecated and will be removed in 2.10.
  For migrations of users:
  1. Eager mode quantization (torch.ao.quantization.quantize, torch.ao.quantization.quantize_dynamic), please migrate to use torchao eager mode quantize_ API instead
  2. FX graph mode quantization (torch.ao.quantization.quantize_fx.prepare_fx,torch.ao.quantization.quantize_fx.convert_fx, please migrate to use torchao pt2e quantization API instead (prepare_pt2e, convert_pt2e)
  3. pt2e quantization has been migrated to torchao (https://github.com/pytorch/ao/tree/main/torchao/quantization/pt2e)
  see https://github.com/pytorch/ao/issues/2259 for more details
    torch.quantization.quantize_dynamic(net, dtype=torch.qint8, inplace=True)

.venv\Lib\site-packages\torch\ao\quantization\quantize.py:570
.venv\Lib\site-packages\torch\ao\quantization\quantize.py:570
  C:\Users\Lucas\Desktop\Odessa\.venv\Lib\site-packages\torch\ao\quantization\quantize.py:570: DeprecationWarning: torch.ao.quantization is deprecated and will be removed in 2.10.
  For migrations of users:
  1. Eager mode quantization (torch.ao.quantization.quantize, torch.ao.quantization.quantize_dynamic), please migrate to use torchao eager mode quantize_ API instead
  2. FX graph mode quantization (torch.ao.quantization.quantize_fx.prepare_fx,torch.ao.quantization.quantize_fx.convert_fx, please migrate to use torchao pt2e quantization API instead (prepare_pt2e, convert_pt2e)
  3. pt2e quantization has been migrated to torchao (https://github.com/pytorch/ao/tree/main/torchao/quantization/pt2e)
  see https://github.com/pytorch/ao/issues/2259 for more details
    convert(model, mapping, inplace=True)

.venv\Lib\site-packages\easyocr\recognition.py:177
  C:\Users\Lucas\Desktop\Odessa\.venv\Lib\site-packages\easyocr\recognition.py:177: DeprecationWarning: torch.ao.quantization is deprecated and will be removed in 2.10.
  For migrations of users:
  1. Eager mode quantization (torch.ao.quantization.quantize, torch.ao.quantization.quantize_dynamic), please migrate to use torchao eager mode quantize_ API instead
  2. FX graph mode quantization (torch.ao.quantization.quantize_fx.prepare_fx,torch.ao.quantization.quantize_fx.convert_fx, please migrate to use torchao pt2e quantization API instead (prepare_pt2e, convert_pt2e)
  3. pt2e quantization has been migrated to torchao (https://github.com/pytorch/ao/tree/main/torchao/quantization/pt2e)
  see https://github.com/pytorch/ao/issues/2259 for more details
    torch.quantization.quantize_dynamic(model, dtype=torch.qint8, inplace=True)

.venv\Lib\site-packages\google\genai\types.py:42
  C:\Users\Lucas\Desktop\Odessa\.venv\Lib\site-packages\google\genai\types.py:42: DeprecationWarning: '_UnionGenericAlias' is deprecated and slated for removal in Python 3.17
    VersionedUnionType = Union[builtin_types.UnionType, _UnionGenericAlias]

server\main.py:37
  C:\Users\Lucas\Desktop\Odessa\server\main.py:37: DeprecationWarning:
          on_event is deprecated, use lifespan event handlers instead.

          Read more about it in the
          [FastAPI docs for Lifespan Events](https://fastapi.tiangolo.com/advanced/events/).

    @app.on_event("startup")

.venv\Lib\site-packages\fastapi\applications.py:4598
  C:\Users\Lucas\Desktop\Odessa\.venv\Lib\site-packages\fastapi\applications.py:4598: DeprecationWarning:
          on_event is deprecated, use lifespan event handlers instead.

          Read more about it in the
          [FastAPI docs for Lifespan Events](https://fastapi.tiangolo.com/advanced/events/).

    return self.router.on_event(event_type)  # ty: ignore[deprecated]

-- Docs: https://docs.pytest.org/en/stable/how-to/capture-warnings.html
=========================== short test summary info ===========================
FAILED tests/test_health.py::test_health_endpoint - AssertionError: assert 'o...
======================== 1 failed, 7 warnings in 0.48s ========================
